<?xml version="1.0" encoding="UTF-8"?>
<!-- Generated by org.testng.reporters.JUnitXMLReporter -->
<testsuite ignored="0" hostname="DESKTOP-QPOHFS9" failures="0" tests="3" name="Default test" time="18.422" errors="0" timestamp="2023-12-29T20:45:26 IST">
  <testcase classname="handling_popups.AutomativeFileUpload" name="nanda" time="14.276"/>
  <testcase classname="testingK.Verify" name="verify" time="4.07"/>
  <testcase classname="testingK.TestDemo" name="display" time="0.004"/>
</testsuite> <!-- Default test -->
